
time : 2018.03.06 14:26:58, user: rawan ,Operation: turn on
time : 2018.03.06 14:28:01, user: rawan ,Operation: patch creation: C:\Users\rawan\Desktop\zipDiffIter1\zipDiff_Iter1\testZipsArchives\1.zip C:\Users\rawan\Desktop\zipDiffIter1\zipDiff_Iter1\testZipsArchives\patch\3.zip
time : 2018.03.06 14:28:45, user: rawan ,Operation: patch application: C:\Users\rawan\Desktop\zipDiffIter1\zipDiff_Iter1\testZipsArchives\patch\1.zip
time : 2018.03.06 14:28:49, user: rawan ,Operation: patch application: C:\Users\rawan\Desktop\zipDiffIter1\zipDiff_Iter1\testZipsArchives\patch\1.zip
time : 2018.03.06 14:29:00, user: rawan ,Operation: turn off
time : 2018.03.06 14:29:30, user: rawan ,Operation: turn on
time : 2018.03.06 14:30:18, user: rawan ,Operation: patch creation: C:\Users\rawan\Desktop\zipDiffIter1\zipDiff_Iter1\testZipsArchives\patch\22.zip C:\Users\rawan\Desktop\zipDiffIter1\zipDiff_Iter1\testZipsArchives\3.zip
time : 2018.03.06 14:30:36, user: rawan ,Operation: patch application: C:\Users\rawan\Desktop\zipDiffIter1\zipDiff_Iter1\testZipsArchives\patch\2.zip
time : 2018.03.06 14:31:29, user: rawan ,Operation: patch creation: C:\Users\rawan\Desktop\zipDiffIter1\zipDiff_Iter1\testZipsArchives\patch\77.zip C:\Users\rawan\Desktop\zipDiffIter1\zipDiff_Iter1\testZipsArchives\patch\22.zip
time : 2018.03.06 14:31:58, user: rawan ,Operation: patch application: C:\Users\rawan\Desktop\zipDiffIter1\zipDiff_Iter1\testZipsArchives\7.zip
time : 2018.03.06 14:36:31, user: rawan ,Operation: turn on
time : 2018.03.06 14:37:36, user: rawan ,Operation: patch creation: C:\Users\rawan\Desktop\zipDiffIter1\zipDiff_Iter1\testZipsArchives\patch\tmp\Delta_from_1_to_1.zip C:\Users\rawan\Desktop\zipDiffIter1\zipDiff_Iter1\testZipsArchives\patch\tmp\Delta_from_1_to_6.zip
time : 2018.03.06 14:37:52, user: rawan ,Operation: patch application: C:\Users\rawan\Desktop\zipDiffIter1\zipDiff_Iter1\testZipsArchives\patch\tmp\Delta_from_1_to_11.zip
time : 2018.03.06 14:39:46, user: rawan ,Operation: turn on
time : 2018.03.06 14:40:09, user: rawan ,Operation: patch creation: D:\305722480.zip D:\305722480.zip
time : 2018.03.06 14:40:17, user: rawan ,Operation: patch application: D:\305722480.zip
time : 2018.03.06 14:40:59, user: rawan ,Operation: turn off
time : 2018.03.06 14:41:01, user: rawan ,Operation: turn off
time : 2018.03.06 14:41:04, user: rawan ,Operation: turn off
time : 2018.03.07 13:15:12, user: Eman ,Operation: turn on
time : 2018.03.07 13:24:29, user: Eman ,Operation: turn on
time : 2018.03.07 13:27:54, user: Eman ,Operation: turn off
time : 2018.03.07 13:27:56, user: Eman ,Operation: turn off
time : 2018.03.07 13:32:35, user: Eman ,Operation: turn on
time : 2018.03.07 13:33:13, user: Eman ,Operation: Diff Creation: C:\Users\Eman\Desktop\Project\zipDiff_Iter1\testZipsArchives\1.zip C:\Users\Eman\Desktop\Project\zipDiff_Iter1\testZipsArchives\2.zip
time : 2018.03.07 13:37:12, user: Eman ,Operation: Diff Creation: C:\Users\Eman\Desktop\Project\zipDiff_Iter1\testZipsArchives\1.zip C:\Users\Eman\Desktop\Project\zipDiff_Iter1\testZipsArchives\2.zip
time : 2018.03.07 13:37:34, user: Eman ,Operation: turn off
time : 2018.03.07 13:37:59, user: Eman ,Operation: turn on
time : 2018.03.07 13:39:53, user: Eman ,Operation: turn off
