2018-02-28 09:10:27 INFO  logfile:26 - time : 2018.02.28.09.10.27, user: rawan ,Operation: turn on
2018-02-28 09:13:11 INFO  logfile:26 - time : 2018.02.28.09.13.11, user: rawan ,Operation: turn on
2018-02-28 09:30:05 INFO  logfile:16 - jjj
2018-02-28 09:30:27 INFO  logfile:16 - jjj
2018-02-28 09:31:03 INFO  logfile:18 - jjj
2018-02-28 11:53:26 INFO  logfile:18 - jjj
2018-02-28 11:58:55 INFO  logfile:18 - jjj
2018-02-28 12:13:34 INFO  logfile:18 - jjj
2018-02-28 12:20:52 INFO  logfile:18 - jjj
2018-02-28 12:23:24 INFO  logfile:18 - jjj
2018-02-28 12:26:28 INFO  logfile:18 - jjj
2018-02-28 12:27:25 INFO  logfile:18 - jjj
2018-02-28 12:28:13 INFO  logfile:18 - jjj
2018-02-28 12:32:17 INFO  logfile:19 - jjj
2018-02-28 12:32:17 INFO  logfile:31 - Sample info message
2018-02-28 12:32:17 WARN  logfile:32 - Sample warn message
2018-02-28 12:32:17 ERROR logfile:33 - Sample error message
2018-02-28 12:32:17 FATAL logfile:34 - Sample fatal message
2018-02-28 12:32:28 INFO  logfile:19 - jjj
2018-02-28 12:32:28 INFO  logfile:31 - Sample info message
2018-02-28 12:32:28 WARN  logfile:32 - Sample warn message
2018-02-28 12:32:28 ERROR logfile:33 - Sample error message
2018-02-28 12:32:28 FATAL logfile:34 - Sample fatal message
2018-02-28 12:32:54 INFO  logfile:19 - jjj
2018-02-28 12:32:54 INFO  logfile:31 - Sample info message
2018-02-28 12:32:54 WARN  logfile:32 - Sample warn message
2018-02-28 12:32:54 ERROR logfile:33 - Sample error message
2018-02-28 12:32:54 FATAL logfile:34 - Sample fatal message
2018-02-28 12:34:21 INFO  logfile:19 - jjj
2018-02-28 12:34:21 INFO  logfile:31 - Sample info message
2018-02-28 12:34:21 WARN  logfile:32 - Sample warn message
2018-02-28 12:34:21 ERROR logfile:33 - Sample error message
2018-02-28 12:34:21 FATAL logfile:34 - Sample fatal message
2018-02-28 12:35:54 INFO  logfile:19 - jjj
2018-02-28 12:35:54 INFO  logfile:31 - Sample info message
2018-02-28 12:35:54 WARN  logfile:32 - Sample warn message
2018-02-28 12:35:54 ERROR logfile:33 - Sample error message
2018-02-28 12:35:54 FATAL logfile:34 - Sample fatal message
2018-02-28 12:36:32 INFO  logfile:19 - jjj
2018-02-28 12:36:32 INFO  logfile:31 - Sample info message
2018-02-28 12:36:32 WARN  logfile:32 - Sample warn message
2018-02-28 12:36:32 ERROR logfile:33 - Sample error message
2018-02-28 12:36:32 FATAL logfile:34 - Sample fatal message
2018-02-28 12:37:00 INFO  logfile:19 - jjj
2018-02-28 12:37:00 INFO  logfile:31 - Sample info message
2018-02-28 12:37:00 WARN  logfile:32 - Sample warn message
2018-02-28 12:37:00 ERROR logfile:33 - Sample error message
2018-02-28 12:37:00 FATAL logfile:34 - Sample fatal message
2018-02-28 12:37:23 INFO  logfile:19 - jjj
2018-02-28 12:37:23 INFO  logfile:31 - Sample info message
2018-02-28 12:37:23 WARN  logfile:32 - Sample warn message
2018-02-28 12:37:23 ERROR logfile:33 - Sample error message
2018-02-28 12:37:23 FATAL logfile:34 - Sample fatal message
2018-02-28 12:40:00 INFO  logfile:19 - jjj
2018-02-28 12:40:19 INFO  logfile:19 - jjj
2018-02-28 12:41:26 INFO  logfile:19 - jjj
2018-02-28 12:43:55 INFO  logfile:19 - jjj
2018-02-28 12:46:32 INFO  logfile:19 - jjj
2018-02-28 12:50:51 INFO  logfile:19 - jjj
