2018-03-01 21:24:21.033+0000 WARN [o.n.i.p.PageCache] The dbms.memory.pagecache.size setting has not been configured. It is recommended that this setting is always explicitly configured, to ensure the system has a balanced configuration. Until then, a computed heuristic value of 3255857152 bytes will be used instead. Run `neo4j-admin memrec` for memory configuration suggestions.
2018-03-01 21:24:21.195+0000 INFO [o.n.k.i.f.CommunityEditionModule] No locking implementation specified, defaulting to 'community'
2018-03-01 21:24:21.361+0000 INFO [o.n.k.AvailabilityGuard] Requirement makes database unavailable: Database available
2018-03-01 21:24:21.386+0000 INFO [o.n.k.i.DiagnosticsManager] --- INITIALIZED diagnostics START ---
2018-03-01 21:24:21.387+0000 INFO [o.n.k.i.DiagnosticsManager] Neo4j Kernel properties:
2018-03-01 21:24:21.387+0000 INFO [o.n.k.i.DiagnosticsManager] unsupported.dbms.directories.neo4j_home=C:\Users\rawan\Desktop\zipDiffIter1\zipDiff_Iter1\data.db
2018-03-01 21:24:21.387+0000 INFO [o.n.k.i.DiagnosticsManager] unsupported.dbms.edition=community
2018-03-01 21:24:21.387+0000 INFO [o.n.k.i.DiagnosticsManager] unsupported.dbms.ephemeral=false
2018-03-01 21:24:21.387+0000 INFO [o.n.k.i.DiagnosticsManager] Diagnostics providers:
2018-03-01 21:24:21.388+0000 INFO [o.n.k.i.DiagnosticsManager] org.neo4j.kernel.configuration.Config
2018-03-01 21:24:21.388+0000 INFO [o.n.k.i.DiagnosticsManager] org.neo4j.kernel.info.DiagnosticsManager
2018-03-01 21:24:21.388+0000 INFO [o.n.k.i.DiagnosticsManager] SYSTEM_MEMORY
2018-03-01 21:24:21.388+0000 INFO [o.n.k.i.DiagnosticsManager] JAVA_MEMORY
2018-03-01 21:24:21.388+0000 INFO [o.n.k.i.DiagnosticsManager] OPERATING_SYSTEM
2018-03-01 21:24:21.388+0000 INFO [o.n.k.i.DiagnosticsManager] JAVA_VIRTUAL_MACHINE
2018-03-01 21:24:21.388+0000 INFO [o.n.k.i.DiagnosticsManager] CLASSPATH
2018-03-01 21:24:21.388+0000 INFO [o.n.k.i.DiagnosticsManager] LIBRARY_PATH
2018-03-01 21:24:21.388+0000 INFO [o.n.k.i.DiagnosticsManager] SYSTEM_PROPERTIES
2018-03-01 21:24:21.389+0000 INFO [o.n.k.i.DiagnosticsManager] NETWORK
2018-03-01 21:24:21.389+0000 INFO [o.n.k.i.DiagnosticsManager] System memory information:
2018-03-01 21:24:21.390+0000 INFO [o.n.k.i.DiagnosticsManager] Total Physical memory: 7.80 GB
2018-03-01 21:24:21.391+0000 INFO [o.n.k.i.DiagnosticsManager] Free Physical memory: 1.16 GB
2018-03-01 21:24:21.391+0000 INFO [o.n.k.i.DiagnosticsManager] Committed virtual memory: 267.45 MB
2018-03-01 21:24:21.391+0000 INFO [o.n.k.i.DiagnosticsManager] Total swap space: 17.17 GB
2018-03-01 21:24:21.391+0000 INFO [o.n.k.i.DiagnosticsManager] Free swap space: 2.93 GB
2018-03-01 21:24:21.391+0000 INFO [o.n.k.i.DiagnosticsManager] JVM memory information:
2018-03-01 21:24:21.392+0000 INFO [o.n.k.i.DiagnosticsManager] Free  memory: 96.62 MB
2018-03-01 21:24:21.392+0000 INFO [o.n.k.i.DiagnosticsManager] Total memory: 121.00 MB
2018-03-01 21:24:21.392+0000 INFO [o.n.k.i.DiagnosticsManager] Max   memory: 1.73 GB
2018-03-01 21:24:21.395+0000 INFO [o.n.k.i.DiagnosticsManager] Garbage Collector: PS Scavenge: [PS Eden Space, PS Survivor Space]
2018-03-01 21:24:21.395+0000 INFO [o.n.k.i.DiagnosticsManager] Garbage Collector: PS MarkSweep: [PS Eden Space, PS Survivor Space, PS Old Gen]
2018-03-01 21:24:21.396+0000 INFO [o.n.k.i.DiagnosticsManager] Memory Pool: Code Cache (Non-heap memory): committed=3.88 MB, used=3.82 MB, max=240.00 MB, threshold=0.00 B
2018-03-01 21:24:21.396+0000 INFO [o.n.k.i.DiagnosticsManager] Memory Pool: Metaspace (Non-heap memory): committed=12.13 MB, used=11.47 MB, max=-1.00 B, threshold=0.00 B
2018-03-01 21:24:21.397+0000 INFO [o.n.k.i.DiagnosticsManager] Memory Pool: Compressed Class Space (Non-heap memory): committed=1.63 MB, used=1.48 MB, max=1.00 GB, threshold=0.00 B
2018-03-01 21:24:21.397+0000 INFO [o.n.k.i.DiagnosticsManager] Memory Pool: PS Eden Space (Heap memory): committed=32.00 MB, used=24.38 MB, max=656.00 MB, threshold=?
2018-03-01 21:24:21.397+0000 INFO [o.n.k.i.DiagnosticsManager] Memory Pool: PS Survivor Space (Heap memory): committed=5.00 MB, used=0.00 B, max=5.00 MB, threshold=?
2018-03-01 21:24:21.397+0000 INFO [o.n.k.i.DiagnosticsManager] Memory Pool: PS Old Gen (Heap memory): committed=84.00 MB, used=0.00 B, max=1.30 GB, threshold=0.00 B
2018-03-01 21:24:21.398+0000 INFO [o.n.k.i.DiagnosticsManager] Operating system information:
2018-03-01 21:24:21.398+0000 INFO [o.n.k.i.DiagnosticsManager] Operating System: Windows 10; version: 10.0; arch: amd64; cpus: 4
2018-03-01 21:24:21.412+0000 INFO [o.n.k.i.DiagnosticsManager] Process id: 22724@LAPTOP-PKRQJ1EV
2018-03-01 21:24:21.413+0000 INFO [o.n.k.i.DiagnosticsManager] Byte order: LITTLE_ENDIAN
2018-03-01 21:24:21.421+0000 INFO [o.n.k.i.DiagnosticsManager] Local timezone: Asia/Jerusalem
2018-03-01 21:24:21.421+0000 INFO [o.n.k.i.DiagnosticsManager] JVM information:
2018-03-01 21:24:21.421+0000 INFO [o.n.k.i.DiagnosticsManager] VM Name: Java HotSpot(TM) 64-Bit Server VM
2018-03-01 21:24:21.421+0000 INFO [o.n.k.i.DiagnosticsManager] VM Vendor: Oracle Corporation
2018-03-01 21:24:21.421+0000 INFO [o.n.k.i.DiagnosticsManager] VM Version: 25.151-b12
2018-03-01 21:24:21.422+0000 INFO [o.n.k.i.DiagnosticsManager] JIT compiler: HotSpot 64-Bit Tiered Compilers
2018-03-01 21:24:21.423+0000 INFO [o.n.k.i.DiagnosticsManager] VM Arguments: [-Dfile.encoding=UTF-8, -Xbootclasspath/a:C:\Users\rawan\Desktop\neo4j-community-3.3.3-windows\neo4j-community-3.3.3\lib\bcpkix-jdk15on-1.53.jar;C:\Users\rawan\Desktop\neo4j-community-3.3.3-windows\neo4j-community-3.3.3\lib\bcprov-jdk15on-1.53.jar;C:\Users\rawan\Desktop\neo4j-community-3.3.3-windows\neo4j-community-3.3.3\lib\caffeine-2.3.3.jar;C:\Users\rawan\Desktop\neo4j-community-3.3.3-windows\neo4j-community-3.3.3\lib\commons-compress-1.12.jar;C:\Users\rawan\Desktop\neo4j-community-3.3.3-windows\neo4j-community-3.3.3\lib\commons-configuration-1.10.jar;C:\Users\rawan\Desktop\neo4j-community-3.3.3-windows\neo4j-community-3.3.3\lib\commons-io-2.4.jar;C:\Users\rawan\Desktop\neo4j-community-3.3.3-windows\neo4j-community-3.3.3\lib\commons-lang-2.6.jar;C:\Users\rawan\Desktop\neo4j-community-3.3.3-windows\neo4j-community-3.3.3\lib\commons-lang3-3.5.jar;C:\Users\rawan\Desktop\neo4j-community-3.3.3-windows\neo4j-community-3.3.3\lib\commons-logging-1.1.1.jar;C:\Users\rawan\Desktop\neo4j-community-3.3.3-windows\neo4j-community-3.3.3\lib\commons-text-1.1.jar;C:\Users\rawan\Desktop\neo4j-community-3.3.3-windows\neo4j-community-3.3.3\lib\concurrentlinkedhashmap-lru-1.4.2.jar;C:\Users\rawan\Desktop\neo4j-community-3.3.3-windows\neo4j-community-3.3.3\lib\jackson-core-asl-1.9.13.jar;C:\Users\rawan\Desktop\neo4j-community-3.3.3-windows\neo4j-community-3.3.3\lib\jackson-jaxrs-1.9.13.jar;C:\Users\rawan\Desktop\neo4j-community-3.3.3-windows\neo4j-community-3.3.3\lib\jackson-mapper-asl-1.9.13.jar;C:\Users\rawan\Desktop\neo4j-community-3.3.3-windows\neo4j-community-3.3.3\lib\javax.servlet-api-3.1.0.jar;C:\Users\rawan\Desktop\neo4j-community-3.3.3-windows\neo4j-community-3.3.3\lib\jersey-core-1.19.jar;C:\Users\rawan\Desktop\neo4j-community-3.3.3-windows\neo4j-community-3.3.3\lib\jersey-multipart-1.19.jar;C:\Users\rawan\Desktop\neo4j-community-3.3.3-windows\neo4j-community-3.3.3\lib\jersey-server-1.19.jar;C:\Users\rawan\Desktop\neo4j-community-3.3.3-windows\neo4j-community-3.3.3\lib\jersey-servlet-1.19.jar;C:\Users\rawan\Desktop\neo4j-community-3.3.3-windows\neo4j-community-3.3.3\lib\jetty-http-9.2.22.v20170606.jar;C:\Users\rawan\Desktop\neo4j-community-3.3.3-windows\neo4j-community-3.3.3\lib\jetty-io-9.2.22.v20170606.jar;C:\Users\rawan\Desktop\neo4j-community-3.3.3-windows\neo4j-community-3.3.3\lib\jetty-security-9.2.22.v20170606.jar;C:\Users\rawan\Desktop\neo4j-community-3.3.3-windows\neo4j-community-3.3.3\lib\jetty-server-9.2.22.v20170606.jar;C:\Users\rawan\Desktop\neo4j-community-3.3.3-windows\neo4j-community-3.3.3\lib\jetty-servlet-9.2.22.v20170606.jar;C:\Users\rawan\Desktop\neo4j-community-3.3.3-windows\neo4j-community-3.3.3\lib\jetty-util-9.2.22.v20170606.jar;C:\Users\rawan\Desktop\neo4j-community-3.3.3-windows\neo4j-community-3.3.3\lib\jetty-webapp-9.2.22.v20170606.jar;C:\Users\rawan\Desktop\neo4j-community-3.3.3-windows\neo4j-community-3.3.3\lib\jetty-xml-9.2.22.v20170606.jar;C:\Users\rawan\Desktop\neo4j-community-3.3.3-windows\neo4j-community-3.3.3\lib\jline-2.12.jar;C:\Users\rawan\Desktop\neo4j-community-3.3.3-windows\neo4j-community-3.3.3\lib\jsr311-api-1.1.2.r612.jar;C:\Users\rawan\Desktop\neo4j-community-3.3.3-windows\neo4j-community-3.3.3\lib\lucene-analyzers-common-5.5.0.jar;C:\Users\rawan\Desktop\neo4j-community-3.3.3-windows\neo4j-community-3.3.3\lib\lucene-codecs-5.5.0.jar;C:\Users\rawan\Desktop\neo4j-community-3.3.3-windows\neo4j-community-3.3.3\lib\lucene-core-5.5.0.jar;C:\Users\rawan\Desktop\neo4j-community-3.3.3-windows\neo4j-community-3.3.3\lib\lucene-queryparser-5.5.0.jar;C:\Users\rawan\Desktop\neo4j-community-3.3.3-windows\neo4j-community-3.3.3\lib\mimepull-1.9.3.jar;C:\Users\rawan\Desktop\neo4j-community-3.3.3-windows\neo4j-community-3.3.3\lib\neo4j-bolt-3.3.3.jar;C:\Users\rawan\Desktop\neo4j-community-3.3.3-windows\neo4j-community-3.3.3\lib\neo4j-browser-3.1.4.jar;C:\Users\rawan\Desktop\neo4j-community-3.3.3-windows\neo4j-community-3.3.3\lib\neo4j-codegen-3.3.3.jar;C:\Users\rawan\Desktop\neo4j-community-3.3.3-windows\neo4j-community-3.3.3\lib\neo4j-collections-3.3.3.jar;C:\Users\rawan\Desktop\neo4j-community-3.3.3-windows\neo4j-community-3.3.3\lib\neo4j-command-line-3.3.3.jar;C:\Users\rawan\Desktop\neo4j-community-3.3.3-windows\neo4j-community-3.3.3\lib\neo4j-common-3.3.3.jar;C:\Users\rawan\Desktop\neo4j-community-3.3.3-windows\neo4j-community-3.3.3\lib\neo4j-configuration-3.3.3.jar;C:\Users\rawan\Desktop\neo4j-community-3.3.3-windows\neo4j-community-3.3.3\lib\neo4j-consistency-check-3.3.3.jar;C:\Users\rawan\Desktop\neo4j-community-3.3.3-windows\neo4j-community-3.3.3\lib\neo4j-csv-3.3.3.jar;C:\Users\rawan\Desktop\neo4j-community-3.3.3-windows\neo4j-community-3.3.3\lib\neo4j-cypher-3.3.3.jar;C:\Users\rawan\Desktop\neo4j-community-3.3.3-windows\neo4j-community-3.3.3\lib\neo4j-cypher-compiler-2.3-2.3.12.jar;C:\Users\rawan\Desktop\neo4j-community-3.3.3-windows\neo4j-community-3.3.3\lib\neo4j-cypher-compiler-3.1-3.1.6.jar;C:\Users\rawan\Desktop\neo4j-community-3.3.3-windows\neo4j-community-3.3.3\lib\neo4j-cypher-compiler-3.2-3.2.9.jar;C:\Users\rawan\Desktop\neo4j-community-3.3.3-windows\neo4j-community-3.3.3\lib\neo4j-cypher-compiler-3.3-3.3.3.jar;C:\Users\rawan\Desktop\neo4j-community-3.3.3-windows\neo4j-community-3.3.3\lib\neo4j-cypher-frontend-2.3-2.3.12.jar;C:\Users\rawan\Desktop\neo4j-community-3.3.3-windows\neo4j-community-3.3.3\lib\neo4j-cypher-frontend-3.1-3.1.6.jar;C:\Users\rawan\Desktop\neo4j-community-3.3.3-windows\neo4j-community-3.3.3\lib\neo4j-cypher-frontend-3.2-3.2.9.jar;C:\Users\rawan\Desktop\neo4j-community-3.3.3-windows\neo4j-community-3.3.3\lib\neo4j-cypher-frontend-3.3-3.3.3.jar;C:\Users\rawan\Desktop\neo4j-community-3.3.3-windows\neo4j-community-3.3.3\lib\neo4j-cypher-ir-3.2-3.2.9.jar;C:\Users\rawan\Desktop\neo4j-community-3.3.3-windows\neo4j-community-3.3.3\lib\neo4j-cypher-ir-3.3-3.3.3.jar;C:\Users\rawan\Desktop\neo4j-community-3.3.3-windows\neo4j-community-3.3.3\lib\neo4j-cypher-logical-plans-3.3-3.3.3.jar;C:\Users\rawan\Desktop\neo4j-community-3.3.3-windows\neo4j-community-3.3.3\lib\neo4j-dbms-3.3.3.jar;C:\Users\rawan\Desktop\neo4j-community-3.3.3-windows\neo4j-community-3.3.3\lib\neo4j-graph-algo-3.3.3.jar;C:\Users\rawan\Desktop\neo4j-community-3.3.3-windows\neo4j-community-3.3.3\lib\neo4j-graphdb-api-3.3.3.jar;C:\Users\rawan\Desktop\neo4j-community-3.3.3-windows\neo4j-community-3.3.3\lib\neo4j-graph-matching-3.1.6.jar;C:\Users\rawan\Desktop\neo4j-community-3.3.3-windows\neo4j-community-3.3.3\lib\neo4j-import-tool-3.3.3.jar;C:\Users\rawan\Desktop\neo4j-community-3.3.3-windows\neo4j-community-3.3.3\lib\neo4j-index-3.3.3.jar;C:\Users\rawan\Desktop\neo4j-community-3.3.3-windows\neo4j-community-3.3.3\lib\neo4j-io-3.3.3.jar;C:\Users\rawan\Desktop\neo4j-community-3.3.3-windows\neo4j-community-3.3.3\lib\neo4j-jmx-3.3.3.jar;C:\Users\rawan\Desktop\neo4j-community-3.3.3-windows\neo4j-community-3.3.3\lib\neo4j-kernel-3.3.3.jar;C:\Users\rawan\Desktop\neo4j-community-3.3.3-windows\neo4j-community-3.3.3\lib\neo4j-logging-3.3.3.jar;C:\Users\rawan\Desktop\neo4j-community-3.3.3-windows\neo4j-community-3.3.3\lib\neo4j-lucene-index-3.3.3.jar;C:\Users\rawan\Desktop\neo4j-community-3.3.3-windows\neo4j-community-3.3.3\lib\neo4j-lucene-upgrade-3.3.3.jar;C:\Users\rawan\Desktop\neo4j-community-3.3.3-windows\neo4j-community-3.3.3\lib\neo4j-primitive-collections-3.3.3.jar;C:\Users\rawan\Desktop\neo4j-community-3.3.3-windows\neo4j-community-3.3.3\lib\neo4j-resource-3.3.3.jar;C:\Users\rawan\Desktop\neo4j-community-3.3.3-windows\neo4j-community-3.3.3\lib\neo4j-security-3.3.3.jar;C:\Users\rawan\Desktop\neo4j-community-3.3.3-windows\neo4j-community-3.3.3\lib\neo4j-server-3.3.3.jar;C:\Users\rawan\Desktop\neo4j-community-3.3.3-windows\neo4j-community-3.3.3\lib\neo4j-shell-3.3.3.jar;C:\Users\rawan\Desktop\neo4j-community-3.3.3-windows\neo4j-community-3.3.3\lib\neo4j-ssl-3.3.3.jar;C:\Users\rawan\Desktop\neo4j-community-3.3.3-windows\neo4j-community-3.3.3\lib\neo4j-udc-3.3.3.jar;C:\Users\rawan\Desktop\neo4j-community-3.3.3-windows\neo4j-community-3.3.3\lib\neo4j-unsafe-3.3.3.jar;C:\Users\rawan\Desktop\neo4j-community-3.3.3-windows\neo4j-community-3.3.3\lib\neo4j-values-3.3.3.jar;C:\Users\rawan\Desktop\neo4j-community-3.3.3-windows\neo4j-community-3.3.3\lib\netty-all-4.1.17.Final.jar;C:\Users\rawan\Desktop\neo4j-community-3.3.3-windows\neo4j-community-3.3.3\lib\opencsv-2.3.jar;C:\Users\rawan\Desktop\neo4j-community-3.3.3-windows\neo4j-community-3.3.3\lib\parboiled-core-1.1.7.jar;C:\Users\rawan\Desktop\neo4j-community-3.3.3-windows\neo4j-community-3.3.3\lib\parboiled-scala_2.11-1.1.7.jar;C:\Users\rawan\Desktop\neo4j-community-3.3.3-windows\neo4j-community-3.3.3\lib\rhino-1.7R4.jar;C:\Users\rawan\Desktop\neo4j-community-3.3.3-windows\neo4j-community-3.3.3\lib\scala-library-2.11.12.jar;C:\Users\rawan\Desktop\neo4j-community-3.3.3-windows\neo4j-community-3.3.3\lib\scala-reflect-2.11.12.jar;C:\Users\rawan\Desktop\neo4j-community-3.3.3-windows\neo4j-community-3.3.3\lib\server-api-3.3.3.jar]
2018-03-01 21:24:21.429+0000 INFO [o.n.k.i.DiagnosticsManager] Java classpath:
2018-03-01 21:24:21.431+0000 INFO [o.n.k.i.DiagnosticsManager]  [bootstrap + classpath] C:\Users\rawan\Desktop\neo4j-community-3.3.3-windows\neo4j-community-3.3.3\lib\commons-compress-1.12.jar
2018-03-01 21:24:21.432+0000 INFO [o.n.k.i.DiagnosticsManager]  [bootstrap + classpath] C:\Users\rawan\Desktop\neo4j-community-3.3.3-windows\neo4j-community-3.3.3\lib\neo4j-lucene-index-3.3.3.jar
2018-03-01 21:24:21.432+0000 INFO [o.n.k.i.DiagnosticsManager]  [bootstrap + classpath] C:\Users\rawan\Desktop\neo4j-community-3.3.3-windows\neo4j-community-3.3.3\lib\neo4j-browser-3.1.4.jar
2018-03-01 21:24:21.432+0000 INFO [o.n.k.i.DiagnosticsManager]  [bootstrap + classpath] C:\Users\rawan\Desktop\neo4j-community-3.3.3-windows\neo4j-community-3.3.3\lib\neo4j-cypher-3.3.3.jar
2018-03-01 21:24:21.432+0000 INFO [o.n.k.i.DiagnosticsManager]  [bootstrap + classpath] C:\Users\rawan\Desktop\neo4j-community-3.3.3-windows\neo4j-community-3.3.3\lib\neo4j-cypher-compiler-3.2-3.2.9.jar
2018-03-01 21:24:21.432+0000 INFO [o.n.k.i.DiagnosticsManager]  [classpath] C:\Users\rawan\eclipse\java-oxygen\eclipse\jre\jre\lib\ext\localedata.jar
2018-03-01 21:24:21.432+0000 INFO [o.n.k.i.DiagnosticsManager]  [bootstrap + classpath] C:\Users\rawan\Desktop\neo4j-community-3.3.3-windows\neo4j-community-3.3.3\lib\netty-all-4.1.17.Final.jar
2018-03-01 21:24:21.432+0000 INFO [o.n.k.i.DiagnosticsManager]  [bootstrap + classpath] C:\Users\rawan\Desktop\neo4j-community-3.3.3-windows\neo4j-community-3.3.3\lib\parboiled-core-1.1.7.jar
2018-03-01 21:24:21.432+0000 INFO [o.n.k.i.DiagnosticsManager]  [bootstrap + classpath] C:\Users\rawan\Desktop\neo4j-community-3.3.3-windows\neo4j-community-3.3.3\lib\neo4j-csv-3.3.3.jar
2018-03-01 21:24:21.432+0000 INFO [o.n.k.i.DiagnosticsManager]  [bootstrap + classpath] C:\Users\rawan\Desktop\neo4j-community-3.3.3-windows\neo4j-community-3.3.3\lib\commons-lang3-3.5.jar
2018-03-01 21:24:21.432+0000 INFO [o.n.k.i.DiagnosticsManager]  [bootstrap + classpath] C:\Users\rawan\Desktop\neo4j-community-3.3.3-windows\neo4j-community-3.3.3\lib\neo4j-values-3.3.3.jar
2018-03-01 21:24:21.432+0000 INFO [o.n.k.i.DiagnosticsManager]  [bootstrap + classpath] C:\Users\rawan\Desktop\neo4j-community-3.3.3-windows\neo4j-community-3.3.3\lib\bcpkix-jdk15on-1.53.jar
2018-03-01 21:24:21.433+0000 INFO [o.n.k.i.DiagnosticsManager]  [classpath] C:\Users\rawan\eclipse\java-oxygen\eclipse\jre\jre\lib\ext\sunjce_provider.jar
2018-03-01 21:24:21.433+0000 INFO [o.n.k.i.DiagnosticsManager]  [bootstrap + classpath] C:\Users\rawan\Desktop\neo4j-community-3.3.3-windows\neo4j-community-3.3.3\lib\javax.servlet-api-3.1.0.jar
2018-03-01 21:24:21.433+0000 INFO [o.n.k.i.DiagnosticsManager]  [bootstrap + classpath] C:\Users\rawan\Desktop\neo4j-community-3.3.3-windows\neo4j-community-3.3.3\lib\neo4j-cypher-ir-3.2-3.2.9.jar
2018-03-01 21:24:21.433+0000 INFO [o.n.k.i.DiagnosticsManager]  [bootstrap + classpath] C:\Users\rawan\Desktop\neo4j-community-3.3.3-windows\neo4j-community-3.3.3\lib\neo4j-unsafe-3.3.3.jar
2018-03-01 21:24:21.433+0000 INFO [o.n.k.i.DiagnosticsManager]  [bootstrap + classpath] C:\Users\rawan\Desktop\neo4j-community-3.3.3-windows\neo4j-community-3.3.3\lib\jetty-http-9.2.22.v20170606.jar
2018-03-01 21:24:21.433+0000 INFO [o.n.k.i.DiagnosticsManager]  [bootstrap + classpath] C:\Users\rawan\Desktop\neo4j-community-3.3.3-windows\neo4j-community-3.3.3\lib\neo4j-import-tool-3.3.3.jar
2018-03-01 21:24:21.433+0000 INFO [o.n.k.i.DiagnosticsManager]  [bootstrap + classpath] C:\Users\rawan\Desktop\neo4j-community-3.3.3-windows\neo4j-community-3.3.3\lib\caffeine-2.3.3.jar
2018-03-01 21:24:21.433+0000 INFO [o.n.k.i.DiagnosticsManager]  [bootstrap] C:\Users\rawan\eclipse\java-oxygen\eclipse\jre\jre\lib\sunrsasign.jar
2018-03-01 21:24:21.433+0000 INFO [o.n.k.i.DiagnosticsManager]  [bootstrap + classpath] C:\Users\rawan\eclipse\java-oxygen\eclipse\jre\jre\lib\charsets.jar
2018-03-01 21:24:21.433+0000 INFO [o.n.k.i.DiagnosticsManager]  [bootstrap + classpath] C:\Users\rawan\Desktop\neo4j-community-3.3.3-windows\neo4j-community-3.3.3\lib\lucene-codecs-5.5.0.jar
2018-03-01 21:24:21.434+0000 INFO [o.n.k.i.DiagnosticsManager]  [bootstrap + classpath] C:\Users\rawan\Desktop\neo4j-community-3.3.3-windows\neo4j-community-3.3.3\lib\neo4j-cypher-logical-plans-3.3-3.3.3.jar
2018-03-01 21:24:21.434+0000 INFO [o.n.k.i.DiagnosticsManager]  [bootstrap + classpath] C:\Users\rawan\Desktop\neo4j-community-3.3.3-windows\neo4j-community-3.3.3\lib\neo4j-dbms-3.3.3.jar
2018-03-01 21:24:21.434+0000 INFO [o.n.k.i.DiagnosticsManager]  [classpath] C:\Users\rawan\eclipse\java-oxygen\eclipse\jre\jre\lib\ext\nashorn.jar
2018-03-01 21:24:21.434+0000 INFO [o.n.k.i.DiagnosticsManager]  [bootstrap + classpath] C:\Users\rawan\Desktop\neo4j-community-3.3.3-windows\neo4j-community-3.3.3\lib\neo4j-logging-3.3.3.jar
2018-03-01 21:24:21.434+0000 INFO [o.n.k.i.DiagnosticsManager]  [bootstrap + classpath] C:\Users\rawan\Desktop\neo4j-community-3.3.3-windows\neo4j-community-3.3.3\lib\neo4j-security-3.3.3.jar
2018-03-01 21:24:21.434+0000 INFO [o.n.k.i.DiagnosticsManager]  [bootstrap + classpath] C:\Users\rawan\Desktop\neo4j-community-3.3.3-windows\neo4j-community-3.3.3\lib\jersey-multipart-1.19.jar
2018-03-01 21:24:21.434+0000 INFO [o.n.k.i.DiagnosticsManager]  [bootstrap + classpath] C:\Users\rawan\eclipse\java-oxygen\eclipse\jre\jre\lib\jce.jar
2018-03-01 21:24:21.434+0000 INFO [o.n.k.i.DiagnosticsManager]  [bootstrap + classpath] C:\Users\rawan\Desktop\neo4j-community-3.3.3-windows\neo4j-community-3.3.3\lib\jersey-servlet-1.19.jar
2018-03-01 21:24:21.434+0000 INFO [o.n.k.i.DiagnosticsManager]  [bootstrap + classpath] C:\Users\rawan\Desktop\neo4j-community-3.3.3-windows\neo4j-community-3.3.3\lib\commons-lang-2.6.jar
2018-03-01 21:24:21.434+0000 INFO [o.n.k.i.DiagnosticsManager]  [classpath] C:\Users\rawan\eclipse\java-oxygen\eclipse\jre\jre\lib\ext\dnsns.jar
2018-03-01 21:24:21.434+0000 INFO [o.n.k.i.DiagnosticsManager]  [bootstrap + classpath] C:\Users\rawan\eclipse\java-oxygen\eclipse\jre\jre\lib\jfr.jar
2018-03-01 21:24:21.434+0000 INFO [o.n.k.i.DiagnosticsManager]  [bootstrap + classpath] C:\Users\rawan\Desktop\neo4j-community-3.3.3-windows\neo4j-community-3.3.3\lib\neo4j-io-3.3.3.jar
2018-03-01 21:24:21.435+0000 INFO [o.n.k.i.DiagnosticsManager]  [bootstrap + classpath] C:\Users\rawan\Desktop\neo4j-community-3.3.3-windows\neo4j-community-3.3.3\lib\commons-logging-1.1.1.jar
2018-03-01 21:24:21.435+0000 INFO [o.n.k.i.DiagnosticsManager]  [bootstrap + classpath] C:\Users\rawan\Desktop\neo4j-community-3.3.3-windows\neo4j-community-3.3.3\lib\jetty-xml-9.2.22.v20170606.jar
2018-03-01 21:24:21.435+0000 INFO [o.n.k.i.DiagnosticsManager]  [bootstrap + classpath] C:\Users\rawan\Desktop\neo4j-community-3.3.3-windows\neo4j-community-3.3.3\lib\jetty-io-9.2.22.v20170606.jar
2018-03-01 21:24:21.435+0000 INFO [o.n.k.i.DiagnosticsManager]  [bootstrap + classpath] C:\Users\rawan\Desktop\neo4j-community-3.3.3-windows\neo4j-community-3.3.3\lib\jackson-core-asl-1.9.13.jar
2018-03-01 21:24:21.435+0000 INFO [o.n.k.i.DiagnosticsManager]  [bootstrap + classpath] C:\Users\rawan\Desktop\neo4j-community-3.3.3-windows\neo4j-community-3.3.3\lib\jetty-server-9.2.22.v20170606.jar
2018-03-01 21:24:21.435+0000 INFO [o.n.k.i.DiagnosticsManager]  [bootstrap + classpath] C:\Users\rawan\Desktop\neo4j-community-3.3.3-windows\neo4j-community-3.3.3\lib\mimepull-1.9.3.jar
2018-03-01 21:24:21.435+0000 INFO [o.n.k.i.DiagnosticsManager]  [bootstrap + classpath] C:\Users\rawan\Desktop\neo4j-community-3.3.3-windows\neo4j-community-3.3.3\lib\commons-text-1.1.jar
2018-03-01 21:24:21.435+0000 INFO [o.n.k.i.DiagnosticsManager]  [bootstrap + classpath] C:\Users\rawan\Desktop\neo4j-community-3.3.3-windows\neo4j-community-3.3.3\lib\neo4j-cypher-frontend-3.3-3.3.3.jar
2018-03-01 21:24:21.435+0000 INFO [o.n.k.i.DiagnosticsManager]  [bootstrap + classpath] C:\Users\rawan\Desktop\neo4j-community-3.3.3-windows\neo4j-community-3.3.3\lib\concurrentlinkedhashmap-lru-1.4.2.jar
2018-03-01 21:24:21.435+0000 INFO [o.n.k.i.DiagnosticsManager]  [bootstrap + classpath] C:\Users\rawan\Desktop\neo4j-community-3.3.3-windows\neo4j-community-3.3.3\lib\neo4j-cypher-compiler-2.3-2.3.12.jar
2018-03-01 21:24:21.436+0000 INFO [o.n.k.i.DiagnosticsManager]  [bootstrap + classpath] C:\Users\rawan\Desktop\neo4j-community-3.3.3-windows\neo4j-community-3.3.3\lib\neo4j-command-line-3.3.3.jar
2018-03-01 21:24:21.436+0000 INFO [o.n.k.i.DiagnosticsManager]  [bootstrap + classpath] C:\Users\rawan\Desktop\neo4j-community-3.3.3-windows\neo4j-community-3.3.3\lib\bcprov-jdk15on-1.53.jar
2018-03-01 21:24:21.436+0000 INFO [o.n.k.i.DiagnosticsManager]  [bootstrap + classpath] C:\Users\rawan\Desktop\neo4j-community-3.3.3-windows\neo4j-community-3.3.3\lib\neo4j-cypher-frontend-3.1-3.1.6.jar
2018-03-01 21:24:21.436+0000 INFO [o.n.k.i.DiagnosticsManager]  [bootstrap + classpath] C:\Users\rawan\Desktop\neo4j-community-3.3.3-windows\neo4j-community-3.3.3\lib\neo4j-configuration-3.3.3.jar
2018-03-01 21:24:21.436+0000 INFO [o.n.k.i.DiagnosticsManager]  [bootstrap + classpath] C:\Users\rawan\Desktop\neo4j-community-3.3.3-windows\neo4j-community-3.3.3\lib\opencsv-2.3.jar
2018-03-01 21:24:21.436+0000 INFO [o.n.k.i.DiagnosticsManager]  [bootstrap + classpath] C:\Users\rawan\Desktop\neo4j-community-3.3.3-windows\neo4j-community-3.3.3\lib\neo4j-ssl-3.3.3.jar
2018-03-01 21:24:21.436+0000 INFO [o.n.k.i.DiagnosticsManager]  [classpath] C:\Users\rawan\Desktop\log4j\log4j-1.2.15.jar
2018-03-01 21:24:21.436+0000 INFO [o.n.k.i.DiagnosticsManager]  [bootstrap + classpath] C:\Users\rawan\Desktop\neo4j-community-3.3.3-windows\neo4j-community-3.3.3\lib\neo4j-server-3.3.3.jar
2018-03-01 21:24:21.436+0000 INFO [o.n.k.i.DiagnosticsManager]  [bootstrap + classpath] C:\Users\rawan\Desktop\neo4j-community-3.3.3-windows\neo4j-community-3.3.3\lib\lucene-analyzers-common-5.5.0.jar
2018-03-01 21:24:21.436+0000 INFO [o.n.k.i.DiagnosticsManager]  [bootstrap + classpath] C:\Users\rawan\Desktop\neo4j-community-3.3.3-windows\neo4j-community-3.3.3\lib\neo4j-resource-3.3.3.jar
2018-03-01 21:24:21.437+0000 INFO [o.n.k.i.DiagnosticsManager]  [classpath] C:\Users\rawan\eclipse\java-oxygen\eclipse\jre\jre\lib\ext\sunec.jar
2018-03-01 21:24:21.437+0000 INFO [o.n.k.i.DiagnosticsManager]  [bootstrap + classpath] C:\Users\rawan\Desktop\neo4j-community-3.3.3-windows\neo4j-community-3.3.3\lib\neo4j-cypher-compiler-3.3-3.3.3.jar
2018-03-01 21:24:21.437+0000 INFO [o.n.k.i.DiagnosticsManager]  [bootstrap + classpath] C:\Users\rawan\Desktop\neo4j-community-3.3.3-windows\neo4j-community-3.3.3\lib\jersey-core-1.19.jar
2018-03-01 21:24:21.437+0000 INFO [o.n.k.i.DiagnosticsManager]  [classpath] C:\Users\rawan\eclipse\java-oxygen\eclipse\jre\jre\lib\ext\jaccess.jar
2018-03-01 21:24:21.437+0000 INFO [o.n.k.i.DiagnosticsManager]  [bootstrap] C:\Users\rawan\eclipse\java-oxygen\eclipse\jre\jre\classes
2018-03-01 21:24:21.437+0000 INFO [o.n.k.i.DiagnosticsManager]  [classpath] C:\Users\rawan\eclipse\java-oxygen\eclipse\jre\jre\lib\ext\zipfs.jar
2018-03-01 21:24:21.438+0000 INFO [o.n.k.i.DiagnosticsManager]  [bootstrap + classpath] C:\Users\rawan\Desktop\neo4j-community-3.3.3-windows\neo4j-community-3.3.3\lib\jackson-mapper-asl-1.9.13.jar
2018-03-01 21:24:21.438+0000 INFO [o.n.k.i.DiagnosticsManager]  [bootstrap + classpath] C:\Users\rawan\Desktop\neo4j-community-3.3.3-windows\neo4j-community-3.3.3\lib\rhino-1.7R4.jar
2018-03-01 21:24:21.438+0000 INFO [o.n.k.i.DiagnosticsManager]  [bootstrap + classpath] C:\Users\rawan\Desktop\neo4j-community-3.3.3-windows\neo4j-community-3.3.3\lib\jline-2.12.jar
2018-03-01 21:24:21.438+0000 INFO [o.n.k.i.DiagnosticsManager]  [classpath] C:\Users\rawan\eclipse\java-oxygen\eclipse\jre\jre\lib\ext\sunmscapi.jar
2018-03-01 21:24:21.438+0000 INFO [o.n.k.i.DiagnosticsManager]  [bootstrap + classpath] C:\Users\rawan\Desktop\neo4j-community-3.3.3-windows\neo4j-community-3.3.3\lib\jsr311-api-1.1.2.r612.jar
2018-03-01 21:24:21.438+0000 INFO [o.n.k.i.DiagnosticsManager]  [bootstrap + classpath] C:\Users\rawan\Desktop\neo4j-community-3.3.3-windows\neo4j-community-3.3.3\lib\server-api-3.3.3.jar
2018-03-01 21:24:21.438+0000 INFO [o.n.k.i.DiagnosticsManager]  [bootstrap + classpath] C:\Users\rawan\Desktop\neo4j-community-3.3.3-windows\neo4j-community-3.3.3\lib\neo4j-consistency-check-3.3.3.jar
2018-03-01 21:24:21.438+0000 INFO [o.n.k.i.DiagnosticsManager]  [bootstrap + classpath] C:\Users\rawan\Desktop\neo4j-community-3.3.3-windows\neo4j-community-3.3.3\lib\jetty-util-9.2.22.v20170606.jar
2018-03-01 21:24:21.438+0000 INFO [o.n.k.i.DiagnosticsManager]  [bootstrap + classpath] C:\Users\rawan\Desktop\neo4j-community-3.3.3-windows\neo4j-community-3.3.3\lib\neo4j-codegen-3.3.3.jar
2018-03-01 21:24:21.438+0000 INFO [o.n.k.i.DiagnosticsManager]  [bootstrap + classpath] C:\Users\rawan\Desktop\neo4j-community-3.3.3-windows\neo4j-community-3.3.3\lib\neo4j-graph-algo-3.3.3.jar
2018-03-01 21:24:21.438+0000 INFO [o.n.k.i.DiagnosticsManager]  [bootstrap + classpath] C:\Users\rawan\Desktop\neo4j-community-3.3.3-windows\neo4j-community-3.3.3\lib\neo4j-primitive-collections-3.3.3.jar
2018-03-01 21:24:21.438+0000 INFO [o.n.k.i.DiagnosticsManager]  [bootstrap + classpath] C:\Users\rawan\Desktop\neo4j-community-3.3.3-windows\neo4j-community-3.3.3\lib\scala-library-2.11.12.jar
2018-03-01 21:24:21.439+0000 INFO [o.n.k.i.DiagnosticsManager]  [bootstrap + classpath] C:\Users\rawan\Desktop\neo4j-community-3.3.3-windows\neo4j-community-3.3.3\lib\neo4j-jmx-3.3.3.jar
2018-03-01 21:24:21.439+0000 INFO [o.n.k.i.DiagnosticsManager]  [bootstrap + classpath] C:\Users\rawan\Desktop\neo4j-community-3.3.3-windows\neo4j-community-3.3.3\lib\parboiled-scala_2.11-1.1.7.jar
2018-03-01 21:24:21.439+0000 INFO [o.n.k.i.DiagnosticsManager]  [bootstrap + classpath] C:\Users\rawan\Desktop\neo4j-community-3.3.3-windows\neo4j-community-3.3.3\lib\neo4j-udc-3.3.3.jar
2018-03-01 21:24:21.439+0000 INFO [o.n.k.i.DiagnosticsManager]  [bootstrap + classpath] C:\Users\rawan\Desktop\neo4j-community-3.3.3-windows\neo4j-community-3.3.3\lib\jetty-servlet-9.2.22.v20170606.jar
2018-03-01 21:24:21.439+0000 INFO [o.n.k.i.DiagnosticsManager]  [bootstrap + classpath] C:\Users\rawan\Desktop\neo4j-community-3.3.3-windows\neo4j-community-3.3.3\lib\commons-io-2.4.jar
2018-03-01 21:24:21.439+0000 INFO [o.n.k.i.DiagnosticsManager]  [bootstrap + classpath] C:\Users\rawan\Desktop\neo4j-community-3.3.3-windows\neo4j-community-3.3.3\lib\neo4j-graph-matching-3.1.6.jar
2018-03-01 21:24:21.439+0000 INFO [o.n.k.i.DiagnosticsManager]  [bootstrap + classpath] C:\Users\rawan\Desktop\neo4j-community-3.3.3-windows\neo4j-community-3.3.3\lib\commons-configuration-1.10.jar
2018-03-01 21:24:21.439+0000 INFO [o.n.k.i.DiagnosticsManager]  [bootstrap + classpath] C:\Users\rawan\Desktop\neo4j-community-3.3.3-windows\neo4j-community-3.3.3\lib\neo4j-collections-3.3.3.jar
2018-03-01 21:24:21.439+0000 INFO [o.n.k.i.DiagnosticsManager]  [bootstrap + classpath] C:\Users\rawan\Desktop\neo4j-community-3.3.3-windows\neo4j-community-3.3.3\lib\neo4j-cypher-compiler-3.1-3.1.6.jar
2018-03-01 21:24:21.440+0000 INFO [o.n.k.i.DiagnosticsManager]  [bootstrap + classpath] C:\Users\rawan\Desktop\neo4j-community-3.3.3-windows\neo4j-community-3.3.3\lib\neo4j-index-3.3.3.jar
2018-03-01 21:24:21.440+0000 INFO [o.n.k.i.DiagnosticsManager]  [bootstrap + classpath] C:\Users\rawan\Desktop\neo4j-community-3.3.3-windows\neo4j-community-3.3.3\lib\neo4j-kernel-3.3.3.jar
2018-03-01 21:24:21.440+0000 INFO [o.n.k.i.DiagnosticsManager]  [classpath] C:\Users\rawan\eclipse\java-oxygen\eclipse\jre\jre\lib\ext\access-bridge-64.jar
2018-03-01 21:24:21.440+0000 INFO [o.n.k.i.DiagnosticsManager]  [bootstrap + classpath] C:\Users\rawan\eclipse\java-oxygen\eclipse\jre\jre\lib\jsse.jar
2018-03-01 21:24:21.440+0000 INFO [o.n.k.i.DiagnosticsManager]  [bootstrap + classpath] C:\Users\rawan\Desktop\neo4j-community-3.3.3-windows\neo4j-community-3.3.3\lib\neo4j-cypher-frontend-2.3-2.3.12.jar
2018-03-01 21:24:21.440+0000 INFO [o.n.k.i.DiagnosticsManager]  [bootstrap + classpath] C:\Users\rawan\Desktop\neo4j-community-3.3.3-windows\neo4j-community-3.3.3\lib\jetty-security-9.2.22.v20170606.jar
2018-03-01 21:24:21.440+0000 INFO [o.n.k.i.DiagnosticsManager]  [bootstrap + classpath] C:\Users\rawan\Desktop\neo4j-community-3.3.3-windows\neo4j-community-3.3.3\lib\jackson-jaxrs-1.9.13.jar
2018-03-01 21:24:21.440+0000 INFO [o.n.k.i.DiagnosticsManager]  [bootstrap + classpath] C:\Users\rawan\Desktop\neo4j-community-3.3.3-windows\neo4j-community-3.3.3\lib\neo4j-shell-3.3.3.jar
2018-03-01 21:24:21.440+0000 INFO [o.n.k.i.DiagnosticsManager]  [classpath] C:\Users\rawan\eclipse\java-oxygen\eclipse\jre\jre\lib\ext\cldrdata.jar
2018-03-01 21:24:21.440+0000 INFO [o.n.k.i.DiagnosticsManager]  [classpath] C:\Users\rawan\eclipse\java-oxygen\eclipse\jre\jre\lib\ext\sunpkcs11.jar
2018-03-01 21:24:21.440+0000 INFO [o.n.k.i.DiagnosticsManager]  [bootstrap + classpath] C:\Users\rawan\Desktop\neo4j-community-3.3.3-windows\neo4j-community-3.3.3\lib\neo4j-cypher-ir-3.3-3.3.3.jar
2018-03-01 21:24:21.440+0000 INFO [o.n.k.i.DiagnosticsManager]  [bootstrap + classpath] C:\Users\rawan\Desktop\neo4j-community-3.3.3-windows\neo4j-community-3.3.3\lib\jetty-webapp-9.2.22.v20170606.jar
2018-03-01 21:24:21.441+0000 INFO [o.n.k.i.DiagnosticsManager]  [bootstrap + classpath] C:\Users\rawan\Desktop\neo4j-community-3.3.3-windows\neo4j-community-3.3.3\lib\neo4j-cypher-frontend-3.2-3.2.9.jar
2018-03-01 21:24:21.441+0000 INFO [o.n.k.i.DiagnosticsManager]  [bootstrap + classpath] C:\Users\rawan\Desktop\neo4j-community-3.3.3-windows\neo4j-community-3.3.3\lib\neo4j-bolt-3.3.3.jar
2018-03-01 21:24:21.441+0000 INFO [o.n.k.i.DiagnosticsManager]  [bootstrap + classpath] C:\Users\rawan\eclipse\java-oxygen\eclipse\jre\jre\lib\rt.jar
2018-03-01 21:24:21.441+0000 INFO [o.n.k.i.DiagnosticsManager]  [classpath] C:\Users\rawan\eclipse\java-oxygen\eclipse\jre\jre\lib\ext\jfxrt.jar
2018-03-01 21:24:21.441+0000 INFO [o.n.k.i.DiagnosticsManager]  [bootstrap + classpath] C:\Users\rawan\Desktop\neo4j-community-3.3.3-windows\neo4j-community-3.3.3\lib\neo4j-common-3.3.3.jar
2018-03-01 21:24:21.441+0000 INFO [o.n.k.i.DiagnosticsManager]  [bootstrap + classpath] C:\Users\rawan\Desktop\neo4j-community-3.3.3-windows\neo4j-community-3.3.3\lib\lucene-core-5.5.0.jar
2018-03-01 21:24:21.441+0000 INFO [o.n.k.i.DiagnosticsManager]  [bootstrap + classpath] C:\Users\rawan\Desktop\neo4j-community-3.3.3-windows\neo4j-community-3.3.3\lib\lucene-queryparser-5.5.0.jar
2018-03-01 21:24:21.441+0000 INFO [o.n.k.i.DiagnosticsManager]  [bootstrap + classpath] C:\Users\rawan\eclipse\java-oxygen\eclipse\jre\jre\lib\resources.jar
2018-03-01 21:24:21.441+0000 INFO [o.n.k.i.DiagnosticsManager]  [bootstrap + classpath] C:\Users\rawan\Desktop\neo4j-community-3.3.3-windows\neo4j-community-3.3.3\lib\jersey-server-1.19.jar
2018-03-01 21:24:21.441+0000 INFO [o.n.k.i.DiagnosticsManager]  [bootstrap + classpath] C:\Users\rawan\Desktop\neo4j-community-3.3.3-windows\neo4j-community-3.3.3\lib\neo4j-graphdb-api-3.3.3.jar
2018-03-01 21:24:21.441+0000 INFO [o.n.k.i.DiagnosticsManager]  [bootstrap + classpath] C:\Users\rawan\Desktop\neo4j-community-3.3.3-windows\neo4j-community-3.3.3\lib\neo4j-lucene-upgrade-3.3.3.jar
2018-03-01 21:24:21.442+0000 INFO [o.n.k.i.DiagnosticsManager]  [classpath] C:\Users\rawan\Desktop\zipDiffIter1\zipDiff_Iter1\bin
2018-03-01 21:24:21.442+0000 INFO [o.n.k.i.DiagnosticsManager]  [bootstrap + classpath] C:\Users\rawan\Desktop\neo4j-community-3.3.3-windows\neo4j-community-3.3.3\lib\scala-reflect-2.11.12.jar
2018-03-01 21:24:21.442+0000 INFO [o.n.k.i.DiagnosticsManager] Library path:
2018-03-01 21:24:21.443+0000 INFO [o.n.k.i.DiagnosticsManager] C:\Users\rawan\eclipse\java-oxygen\eclipse\jre\bin
2018-03-01 21:24:21.444+0000 INFO [o.n.k.i.DiagnosticsManager] C:\Windows\Sun\Java\bin
2018-03-01 21:24:21.444+0000 INFO [o.n.k.i.DiagnosticsManager] C:\Windows\System32
2018-03-01 21:24:21.444+0000 INFO [o.n.k.i.DiagnosticsManager] C:\Windows
2018-03-01 21:24:21.445+0000 INFO [o.n.k.i.DiagnosticsManager] C:\Users\rawan\eclipse\java-oxygen\eclipse\jre\jre\bin\server
2018-03-01 21:24:21.446+0000 INFO [o.n.k.i.DiagnosticsManager] C:\Users\rawan\eclipse\java-oxygen\eclipse\jre\jre\bin
2018-03-01 21:24:21.447+0000 INFO [o.n.k.i.DiagnosticsManager] C:\Users\rawan\eclipse\java-oxygen\eclipse\jre\jre\lib\amd64
2018-03-01 21:24:21.447+0000 INFO [o.n.k.i.DiagnosticsManager] C:\ProgramData\Oracle\Java\javapath
2018-03-01 21:24:21.447+0000 INFO [o.n.k.i.DiagnosticsManager] C:\Windows\System32
2018-03-01 21:24:21.447+0000 INFO [o.n.k.i.DiagnosticsManager] C:\Windows
2018-03-01 21:24:21.448+0000 INFO [o.n.k.i.DiagnosticsManager] C:\Windows\System32\wbem
2018-03-01 21:24:21.448+0000 INFO [o.n.k.i.DiagnosticsManager] C:\Windows\System32\WindowsPowerShell\v1.0
2018-03-01 21:24:21.449+0000 INFO [o.n.k.i.DiagnosticsManager] C:\Users\rawan\.dnx\bin
2018-03-01 21:24:21.449+0000 INFO [o.n.k.i.DiagnosticsManager] C:\Program Files\Microsoft DNX\Dnvm
2018-03-01 21:24:21.450+0000 INFO [o.n.k.i.DiagnosticsManager] C:\Program Files (x86)\Windows Kits\8.1\Windows Performance Toolkit
2018-03-01 21:24:21.451+0000 INFO [o.n.k.i.DiagnosticsManager] C:\TDM-GCC-32\bin
2018-03-01 21:24:21.452+0000 INFO [o.n.k.i.DiagnosticsManager] C:\Program Files\Intel\WiFi\bin
2018-03-01 21:24:21.453+0000 INFO [o.n.k.i.DiagnosticsManager] C:\Program Files\Common Files\Intel\WirelessCommon
2018-03-01 21:24:21.454+0000 INFO [o.n.k.i.DiagnosticsManager] C:\Program Files\MySQL\MySQL Utilities 1.6
2018-03-01 21:24:21.455+0000 INFO [o.n.k.i.DiagnosticsManager] C:\Program Files\MATLAB\R2016a\runtime\win64
2018-03-01 21:24:21.456+0000 INFO [o.n.k.i.DiagnosticsManager] C:\Program Files\MATLAB\R2016a\bin
2018-03-01 21:24:21.457+0000 INFO [o.n.k.i.DiagnosticsManager] C:\Program Files\MATLAB\R2016a\polyspace\bin
2018-03-01 21:24:21.457+0000 INFO [o.n.k.i.DiagnosticsManager] C:\Program Files\Git\cmd
2018-03-01 21:24:21.458+0000 INFO [o.n.k.i.DiagnosticsManager] C:\Program Files (x86)\Java\jre1.8.0_92\bin
2018-03-01 21:24:21.459+0000 INFO [o.n.k.i.DiagnosticsManager] C:\Users\rawan\AppData\Local\GitHubDesktop\bin
2018-03-01 21:24:21.459+0000 INFO [o.n.k.i.DiagnosticsManager] C:\Users\rawan\Desktop
2018-03-01 21:24:21.460+0000 INFO [o.n.k.i.DiagnosticsManager] C:\Users\rawan\Desktop\zipDiffIter1\zipDiff_Iter1
2018-03-01 21:24:21.461+0000 INFO [o.n.k.i.DiagnosticsManager] C:\Users\rawan\Desktop\zipDiffIter1\zipDiff_Iter1
2018-03-01 21:24:21.461+0000 INFO [o.n.k.i.DiagnosticsManager] System.properties:
2018-03-01 21:24:21.462+0000 INFO [o.n.k.i.DiagnosticsManager] sun.boot.library.path = C:\Users\rawan\eclipse\java-oxygen\eclipse\jre\jre\bin
2018-03-01 21:24:21.462+0000 INFO [o.n.k.i.DiagnosticsManager] path.separator = ;
2018-03-01 21:24:21.462+0000 INFO [o.n.k.i.DiagnosticsManager] file.encoding.pkg = sun.io
2018-03-01 21:24:21.462+0000 INFO [o.n.k.i.DiagnosticsManager] user.country = US
2018-03-01 21:24:21.462+0000 INFO [o.n.k.i.DiagnosticsManager] user.script = 
2018-03-01 21:24:21.462+0000 INFO [o.n.k.i.DiagnosticsManager] sun.java.launcher = SUN_STANDARD
2018-03-01 21:24:21.462+0000 INFO [o.n.k.i.DiagnosticsManager] sun.os.patch.level = 
2018-03-01 21:24:21.462+0000 INFO [o.n.k.i.DiagnosticsManager] user.dir = C:\Users\rawan\Desktop\zipDiffIter1\zipDiff_Iter1
2018-03-01 21:24:21.462+0000 INFO [o.n.k.i.DiagnosticsManager] user.variant = 
2018-03-01 21:24:21.462+0000 INFO [o.n.k.i.DiagnosticsManager] sun.jnu.encoding = Cp1252
2018-03-01 21:24:21.462+0000 INFO [o.n.k.i.DiagnosticsManager] sun.management.compiler = HotSpot 64-Bit Tiered Compilers
2018-03-01 21:24:21.462+0000 INFO [o.n.k.i.DiagnosticsManager] user.home = C:\Users\rawan
2018-03-01 21:24:21.462+0000 INFO [o.n.k.i.DiagnosticsManager] user.timezone = Asia/Jerusalem
2018-03-01 21:24:21.462+0000 INFO [o.n.k.i.DiagnosticsManager] file.encoding = UTF-8
2018-03-01 21:24:21.463+0000 INFO [o.n.k.i.DiagnosticsManager] user.name = rawan
2018-03-01 21:24:21.463+0000 INFO [o.n.k.i.DiagnosticsManager] sun.java.command = NetworkToGraph
2018-03-01 21:24:21.463+0000 INFO [o.n.k.i.DiagnosticsManager] sun.arch.data.model = 64
2018-03-01 21:24:21.463+0000 INFO [o.n.k.i.DiagnosticsManager] user.language = en
2018-03-01 21:24:21.463+0000 INFO [o.n.k.i.DiagnosticsManager] awt.toolkit = sun.awt.windows.WToolkit
2018-03-01 21:24:21.463+0000 INFO [o.n.k.i.DiagnosticsManager] file.separator = \
2018-03-01 21:24:21.463+0000 INFO [o.n.k.i.DiagnosticsManager] sun.io.unicode.encoding = UnicodeLittle
2018-03-01 21:24:21.463+0000 INFO [o.n.k.i.DiagnosticsManager] sun.cpu.endian = little
2018-03-01 21:24:21.463+0000 INFO [o.n.k.i.DiagnosticsManager] sun.desktop = windows
2018-03-01 21:24:21.463+0000 INFO [o.n.k.i.DiagnosticsManager] sun.cpu.isalist = amd64
2018-03-01 21:24:21.463+0000 INFO [o.n.k.i.DiagnosticsManager] Network information:
2018-03-01 21:24:21.573+0000 INFO [o.n.k.i.DiagnosticsManager] Interface Software Loopback Interface 1:
2018-03-01 21:24:21.573+0000 INFO [o.n.k.i.DiagnosticsManager]     address: 127.0.0.1
2018-03-01 21:24:21.573+0000 INFO [o.n.k.i.DiagnosticsManager]     address: 0:0:0:0:0:0:0:1
2018-03-01 21:24:21.573+0000 INFO [o.n.k.i.DiagnosticsManager] Interface Bluetooth Device (Personal Area Network):
2018-03-01 21:24:21.574+0000 INFO [o.n.k.i.DiagnosticsManager]     address: fe80:0:0:0:38ea:a989:9988:9e63%eth0
2018-03-01 21:24:21.574+0000 INFO [o.n.k.i.DiagnosticsManager] Interface WAN Miniport (Network Monitor):
2018-03-01 21:24:21.574+0000 INFO [o.n.k.i.DiagnosticsManager] Interface VMware Virtual Ethernet Adapter for VMnet8:
2018-03-01 21:24:21.574+0000 INFO [o.n.k.i.DiagnosticsManager]     address: 192.168.144.1
2018-03-01 21:24:21.574+0000 INFO [o.n.k.i.DiagnosticsManager]     address: fe80:0:0:0:50c5:f925:e072:e02f%eth2
2018-03-01 21:24:21.574+0000 INFO [o.n.k.i.DiagnosticsManager] Interface Microsoft Kernel Debug Network Adapter:
2018-03-01 21:24:21.574+0000 INFO [o.n.k.i.DiagnosticsManager] Interface Microsoft Wi-Fi Direct Virtual Adapter:
2018-03-01 21:24:21.574+0000 INFO [o.n.k.i.DiagnosticsManager]     address: fe80:0:0:0:ad78:ab82:f2c5:aebd%wlan0
2018-03-01 21:24:21.574+0000 INFO [o.n.k.i.DiagnosticsManager] Interface WAN Miniport (SSTP):
2018-03-01 21:24:21.574+0000 INFO [o.n.k.i.DiagnosticsManager] Interface Intel(R) Dual Band Wireless-AC 3165:
2018-03-01 21:24:21.574+0000 INFO [o.n.k.i.DiagnosticsManager]     address: 192.168.43.170
2018-03-01 21:24:21.574+0000 INFO [o.n.k.i.DiagnosticsManager]     address: fe80:0:0:0:5551:ae7f:3622:478e%wlan1
2018-03-01 21:24:21.574+0000 INFO [o.n.k.i.DiagnosticsManager] Interface WAN Miniport (IPv6):
2018-03-01 21:24:21.574+0000 INFO [o.n.k.i.DiagnosticsManager] Interface VMware Virtual Ethernet Adapter for VMnet1:
2018-03-01 21:24:21.574+0000 INFO [o.n.k.i.DiagnosticsManager]     address: 192.168.253.1
2018-03-01 21:24:21.574+0000 INFO [o.n.k.i.DiagnosticsManager]     address: fe80:0:0:0:8cae:b7ef:33e2:ae2a%eth5
2018-03-01 21:24:21.575+0000 INFO [o.n.k.i.DiagnosticsManager] Interface WAN Miniport (PPTP):
2018-03-01 21:24:21.575+0000 INFO [o.n.k.i.DiagnosticsManager] Interface Intel(R) Dual Band Wireless-AC 3165-QoS Packet Scheduler-0000:
2018-03-01 21:24:21.575+0000 INFO [o.n.k.i.DiagnosticsManager] Interface Bluetooth Device (RFCOMM Protocol TDI):
2018-03-01 21:24:21.575+0000 INFO [o.n.k.i.DiagnosticsManager] Interface WAN Miniport (L2TP):
2018-03-01 21:24:21.575+0000 INFO [o.n.k.i.DiagnosticsManager] Interface Realtek PCIe GBE Family Controller:
2018-03-01 21:24:21.575+0000 INFO [o.n.k.i.DiagnosticsManager]     address: fe80:0:0:0:c07c:713a:175:b335%eth6
2018-03-01 21:24:21.575+0000 INFO [o.n.k.i.DiagnosticsManager] Interface WAN Miniport (IKEv2):
2018-03-01 21:24:21.575+0000 INFO [o.n.k.i.DiagnosticsManager] Interface WAN Miniport (IP):
2018-03-01 21:24:21.575+0000 INFO [o.n.k.i.DiagnosticsManager] Interface WAN Miniport (PPPOE):
2018-03-01 21:24:21.575+0000 INFO [o.n.k.i.DiagnosticsManager] Interface Microsoft Wi-Fi Direct Virtual Adapter #2:
2018-03-01 21:24:21.575+0000 INFO [o.n.k.i.DiagnosticsManager] Interface Realtek PCIe GBE Family Controller-WFP Native MAC Layer LightWeight Filter-0000:
2018-03-01 21:24:21.575+0000 INFO [o.n.k.i.DiagnosticsManager] Interface Realtek PCIe GBE Family Controller-QoS Packet Scheduler-0000:
2018-03-01 21:24:21.575+0000 INFO [o.n.k.i.DiagnosticsManager] Interface Realtek PCIe GBE Family Controller-WFP 802.3 MAC Layer LightWeight Filter-0000:
2018-03-01 21:24:21.575+0000 INFO [o.n.k.i.DiagnosticsManager] Interface Intel(R) Dual Band Wireless-AC 3165-WFP Native MAC Layer LightWeight Filter-0000:
2018-03-01 21:24:21.575+0000 INFO [o.n.k.i.DiagnosticsManager] Interface Intel(R) Dual Band Wireless-AC 3165-Virtual WiFi Filter Driver-0000:
2018-03-01 21:24:21.575+0000 INFO [o.n.k.i.DiagnosticsManager] Interface Intel(R) Dual Band Wireless-AC 3165-Native WiFi Filter Driver-0000:
2018-03-01 21:24:21.575+0000 INFO [o.n.k.i.DiagnosticsManager] Interface Microsoft Teredo Tunneling Adapter:
2018-03-01 21:24:21.575+0000 INFO [o.n.k.i.DiagnosticsManager]     address: fe80:0:0:0:0:100:7f:fffe%net5
2018-03-01 21:24:21.575+0000 INFO [o.n.k.i.DiagnosticsManager] Interface Intel(R) Dual Band Wireless-AC 3165-WFP 802.3 MAC Layer LightWeight Filter-0000:
2018-03-01 21:24:21.576+0000 INFO [o.n.k.i.DiagnosticsManager] Interface WAN Miniport (IP)-WFP Native MAC Layer LightWeight Filter-0000:
2018-03-01 21:24:21.576+0000 INFO [o.n.k.i.DiagnosticsManager] Interface WAN Miniport (IP)-QoS Packet Scheduler-0000:
2018-03-01 21:24:21.576+0000 INFO [o.n.k.i.DiagnosticsManager] Interface WAN Miniport (IPv6)-WFP Native MAC Layer LightWeight Filter-0000:
2018-03-01 21:24:21.576+0000 INFO [o.n.k.i.DiagnosticsManager] Interface WAN Miniport (IPv6)-QoS Packet Scheduler-0000:
2018-03-01 21:24:21.576+0000 INFO [o.n.k.i.DiagnosticsManager] Interface WAN Miniport (Network Monitor)-WFP Native MAC Layer LightWeight Filter-0000:
2018-03-01 21:24:21.576+0000 INFO [o.n.k.i.DiagnosticsManager] Interface WAN Miniport (Network Monitor)-QoS Packet Scheduler-0000:
2018-03-01 21:24:21.576+0000 INFO [o.n.k.i.DiagnosticsManager] Interface Microsoft Wi-Fi Direct Virtual Adapter-WFP Native MAC Layer LightWeight Filter-0000:
2018-03-01 21:24:21.576+0000 INFO [o.n.k.i.DiagnosticsManager] Interface Microsoft Wi-Fi Direct Virtual Adapter-Native WiFi Filter Driver-0000:
2018-03-01 21:24:21.576+0000 INFO [o.n.k.i.DiagnosticsManager] Interface Microsoft Wi-Fi Direct Virtual Adapter-QoS Packet Scheduler-0000:
2018-03-01 21:24:21.576+0000 INFO [o.n.k.i.DiagnosticsManager] Interface Microsoft Wi-Fi Direct Virtual Adapter-WFP 802.3 MAC Layer LightWeight Filter-0000:
2018-03-01 21:24:21.576+0000 INFO [o.n.k.i.DiagnosticsManager] --- INITIALIZED diagnostics END ---
2018-03-01 21:24:21.710+0000 INFO [o.n.k.i.s.f.RecordFormatSelector] Selected format 'RecordFormat:StandardV3_2[v0.A.8]' for the new store
2018-03-01 21:24:22.702+0000 INFO [o.n.k.i.a.i.IndexingService] IndexingService.init: indexes not specifically mentioned above are null
2018-03-01 21:24:22.715+0000 INFO [o.n.k.i.i.l.NativeLabelScanStore] No scan store found, this might just be first use. Preparing to rebuild.
2018-03-01 21:24:22.754+0000 INFO [o.n.k.NeoStoreDataSource] Opened logical log [C:\Users\rawan\Desktop\zipDiffIter1\zipDiff_Iter1\data.db\neostore.transaction.db.0] version=0, lastTxId=1 (clean)
2018-03-01 21:24:22.765+0000 INFO [o.n.k.NeoStoreDataSource] No commits found after last check point (which is at <no log position given>)
2018-03-01 21:24:22.776+0000 WARN [o.n.k.i.s.MetaDataStore] Missing counts store, rebuilding it.
2018-03-01 21:24:22.869+0000 WARN [o.n.k.i.s.MetaDataStore] Counts store rebuild completed.
2018-03-01 21:24:22.925+0000 INFO [o.n.k.i.a.i.IndexingService] IndexingService.start: indexes not specifically mentioned above are null
2018-03-01 21:24:22.945+0000 INFO [o.n.k.i.i.l.NativeLabelScanStore] Rebuilding scan store, this may take a while
2018-03-01 21:24:22.984+0000 INFO [o.n.k.i.i.l.NativeLabelScanStore] Scan store rebuilt (roughly 0 nodes)
2018-03-01 21:24:23.000+0000 INFO [o.n.k.i.DatabaseHealth] Database health set to OK
2018-03-01 21:24:23.106+0000 INFO [o.n.k.AvailabilityGuard] Fulfilling of requirement makes database available: Database available
2018-03-01 21:24:23.113+0000 INFO [o.n.k.i.f.GraphDatabaseFacadeFactory] Database is now ready
2018-03-01 21:24:23.120+0000 INFO [o.n.k.i.DiagnosticsManager] --- STARTED diagnostics for KernelDiagnostics:Versions START ---
2018-03-01 21:24:23.126+0000 INFO [o.n.k.i.DiagnosticsManager] Graph Database: community single StoreId{creationTime=1519939462275, randomId=156264028891870824, storeVersion=15813456178476550, upgradeTime=1519939462275, upgradeId=1}
2018-03-01 21:24:23.132+0000 INFO [o.n.k.i.DiagnosticsManager] Kernel version: 3.3.3,13ce0dc2e5eb1d72cc4e8df41612e4ec136c83e3
2018-03-01 21:24:23.139+0000 INFO [o.n.k.i.DiagnosticsManager] --- STARTED diagnostics for KernelDiagnostics:Versions END ---
2018-03-01 21:24:23.146+0000 INFO [o.n.k.i.DiagnosticsManager] --- STARTED diagnostics for NEO_STORE_VERSIONS START ---
2018-03-01 21:24:23.152+0000 INFO [o.n.k.i.DiagnosticsManager] Store versions:
2018-03-01 21:24:23.158+0000 INFO [o.n.k.i.DiagnosticsManager] Store versions:
2018-03-01 21:24:23.164+0000 INFO [o.n.k.i.DiagnosticsManager]   ArrayPropertyStore v0.A.8
2018-03-01 21:24:23.170+0000 INFO [o.n.k.i.DiagnosticsManager]   NodeStore v0.A.8
2018-03-01 21:24:23.176+0000 INFO [o.n.k.i.DiagnosticsManager]   StringPropertyStore v0.A.8
2018-03-01 21:24:23.181+0000 INFO [o.n.k.i.DiagnosticsManager]   PropertyIndexStore v0.A.8
2018-03-01 21:24:23.187+0000 INFO [o.n.k.i.DiagnosticsManager]   StringPropertyStore v0.A.8
2018-03-01 21:24:23.193+0000 INFO [o.n.k.i.DiagnosticsManager]   ArrayPropertyStore v0.A.8
2018-03-01 21:24:23.198+0000 INFO [o.n.k.i.DiagnosticsManager]   PropertyStore v0.A.8
2018-03-01 21:24:23.204+0000 INFO [o.n.k.i.DiagnosticsManager]   RelationshipStore v0.A.8
2018-03-01 21:24:23.211+0000 INFO [o.n.k.i.DiagnosticsManager]   StringPropertyStore v0.A.8
2018-03-01 21:24:23.216+0000 INFO [o.n.k.i.DiagnosticsManager]   RelationshipTypeStore v0.A.8
2018-03-01 21:24:23.222+0000 INFO [o.n.k.i.DiagnosticsManager]   StringPropertyStore v0.A.8
2018-03-01 21:24:23.227+0000 INFO [o.n.k.i.DiagnosticsManager]   LabelTokenStore v0.A.8
2018-03-01 21:24:23.232+0000 INFO [o.n.k.i.DiagnosticsManager]   SchemaStore v0.A.8
2018-03-01 21:24:23.238+0000 INFO [o.n.k.i.DiagnosticsManager]   RelationshipGroupStore v0.A.8
2018-03-01 21:24:23.243+0000 INFO [o.n.k.i.DiagnosticsManager]   NeoStore v0.A.8
2018-03-01 21:24:23.249+0000 INFO [o.n.k.i.DiagnosticsManager] --- STARTED diagnostics for NEO_STORE_VERSIONS END ---
2018-03-01 21:24:23.254+0000 INFO [o.n.k.i.DiagnosticsManager] --- STARTED diagnostics for NEO_STORE_ID_USAGE START ---
2018-03-01 21:24:23.260+0000 INFO [o.n.k.i.DiagnosticsManager] Id usage:
2018-03-01 21:24:23.266+0000 INFO [o.n.k.i.DiagnosticsManager] Id usage:
2018-03-01 21:24:23.271+0000 INFO [o.n.k.i.DiagnosticsManager]   ArrayPropertyStore: used=1 high=0
2018-03-01 21:24:23.277+0000 INFO [o.n.k.i.DiagnosticsManager]   NodeStore: used=0 high=-1
2018-03-01 21:24:23.282+0000 INFO [o.n.k.i.DiagnosticsManager]   StringPropertyStore: used=1 high=0
2018-03-01 21:24:23.288+0000 INFO [o.n.k.i.DiagnosticsManager]   PropertyIndexStore: used=0 high=-1
2018-03-01 21:24:23.293+0000 INFO [o.n.k.i.DiagnosticsManager]   StringPropertyStore: used=1 high=0
2018-03-01 21:24:23.300+0000 INFO [o.n.k.i.DiagnosticsManager]   ArrayPropertyStore: used=1 high=0
2018-03-01 21:24:23.306+0000 INFO [o.n.k.i.DiagnosticsManager]   PropertyStore: used=0 high=-1
2018-03-01 21:24:23.311+0000 INFO [o.n.k.i.DiagnosticsManager]   RelationshipStore: used=0 high=-1
2018-03-01 21:24:23.316+0000 INFO [o.n.k.i.DiagnosticsManager]   StringPropertyStore: used=1 high=0
2018-03-01 21:24:23.322+0000 INFO [o.n.k.i.DiagnosticsManager]   RelationshipTypeStore: used=0 high=-1
2018-03-01 21:24:23.328+0000 INFO [o.n.k.i.DiagnosticsManager]   StringPropertyStore: used=1 high=0
2018-03-01 21:24:23.333+0000 INFO [o.n.k.i.DiagnosticsManager]   LabelTokenStore: used=0 high=-1
2018-03-01 21:24:23.338+0000 INFO [o.n.k.i.DiagnosticsManager]   SchemaStore: used=1 high=0
2018-03-01 21:24:23.344+0000 INFO [o.n.k.i.DiagnosticsManager]   RelationshipGroupStore: used=1 high=0
2018-03-01 21:24:23.349+0000 INFO [o.n.k.i.DiagnosticsManager]   NeoStore: used=15 high=14
2018-03-01 21:24:23.354+0000 INFO [o.n.k.i.DiagnosticsManager] --- STARTED diagnostics for NEO_STORE_ID_USAGE END ---
2018-03-01 21:24:23.360+0000 INFO [o.n.k.i.DiagnosticsManager] --- STARTED diagnostics for NEO_STORE_RECORDS START ---
2018-03-01 21:24:23.366+0000 INFO [o.n.k.i.DiagnosticsManager] Neostore records:
2018-03-01 21:24:23.372+0000 INFO [o.n.k.i.DiagnosticsManager] TIME (Creation time): 1519939462275
2018-03-01 21:24:23.377+0000 INFO [o.n.k.i.DiagnosticsManager] RANDOM_NUMBER (Random number for store id): 156264028891870824
2018-03-01 21:24:23.382+0000 INFO [o.n.k.i.DiagnosticsManager] LOG_VERSION (Current log version): 0
2018-03-01 21:24:23.389+0000 INFO [o.n.k.i.DiagnosticsManager] LAST_TRANSACTION_ID (Last committed transaction): 1
2018-03-01 21:24:23.394+0000 INFO [o.n.k.i.DiagnosticsManager] STORE_VERSION (Store format version): 15813456178476550
2018-03-01 21:24:23.399+0000 INFO [o.n.k.i.DiagnosticsManager] FIRST_GRAPH_PROPERTY (First property record containing graph properties): -1
2018-03-01 21:24:23.405+0000 INFO [o.n.k.i.DiagnosticsManager] LAST_CONSTRAINT_TRANSACTION (Last committed transaction containing constraint changes): 0
2018-03-01 21:24:23.410+0000 INFO [o.n.k.i.DiagnosticsManager] UPGRADE_TRANSACTION_ID (Transaction id most recent upgrade was performed at): 1
2018-03-01 21:24:23.416+0000 INFO [o.n.k.i.DiagnosticsManager] UPGRADE_TIME (Time of last upgrade): 1519939462275
2018-03-01 21:24:23.421+0000 INFO [o.n.k.i.DiagnosticsManager] LAST_TRANSACTION_CHECKSUM (Checksum of last committed transaction): 0
2018-03-01 21:24:23.426+0000 INFO [o.n.k.i.DiagnosticsManager] UPGRADE_TRANSACTION_CHECKSUM (Checksum of transaction id the most recent upgrade was performed at): 0
2018-03-01 21:24:23.432+0000 INFO [o.n.k.i.DiagnosticsManager] LAST_CLOSED_TRANSACTION_LOG_VERSION (Log version where the last transaction commit entry has been written into): 0
2018-03-01 21:24:23.437+0000 INFO [o.n.k.i.DiagnosticsManager] LAST_CLOSED_TRANSACTION_LOG_BYTE_OFFSET (Byte offset in the log file where the last transaction commit entry has been written into): 16
2018-03-01 21:24:23.442+0000 INFO [o.n.k.i.DiagnosticsManager] LAST_TRANSACTION_COMMIT_TIMESTAMP (Commit time timestamp for last committed transaction): 0
2018-03-01 21:24:23.448+0000 INFO [o.n.k.i.DiagnosticsManager] UPGRADE_TRANSACTION_COMMIT_TIMESTAMP (Commit timestamp of transaction the most recent upgrade was performed at): 0
2018-03-01 21:24:23.453+0000 INFO [o.n.k.i.DiagnosticsManager] --- STARTED diagnostics for NEO_STORE_RECORDS END ---
2018-03-01 21:24:23.460+0000 INFO [o.n.k.i.DiagnosticsManager] --- STARTED diagnostics for TRANSACTION_RANGE START ---
2018-03-01 21:24:23.466+0000 INFO [o.n.k.i.DiagnosticsManager] Transaction log:
2018-03-01 21:24:23.472+0000 INFO [o.n.k.i.DiagnosticsManager] No transactions found in any log
2018-03-01 21:24:23.477+0000 INFO [o.n.k.i.DiagnosticsManager] --- STARTED diagnostics for TRANSACTION_RANGE END ---
2018-03-01 21:24:23.532+0000 INFO [o.n.k.i.DiagnosticsManager] --- STARTED diagnostics for KernelDiagnostics:StoreFiles START ---
2018-03-01 21:24:23.539+0000 INFO [o.n.k.i.DiagnosticsManager] Disk space on partition (Total / Free / Free %): 206060908544 / 50601320448 / 24
2018-03-01 21:24:23.544+0000 INFO [o.n.k.i.DiagnosticsManager] Storage files: (filename : modification date - size)
2018-03-01 21:24:23.552+0000 INFO [o.n.k.i.DiagnosticsManager]   index:
2018-03-01 21:24:23.558+0000 INFO [o.n.k.i.DiagnosticsManager]   - Total: 2018-03-01T23:24:22+0200 - 0.00 B
2018-03-01 21:24:23.564+0000 INFO [o.n.k.i.DiagnosticsManager]   logs:
2018-03-01 21:24:23.570+0000 INFO [o.n.k.i.DiagnosticsManager]     debug.log: 2018-03-01T23:24:21+0200 - 53.42 kB
2018-03-01 21:24:23.576+0000 INFO [o.n.k.i.DiagnosticsManager]   - Total: 2018-03-01T23:24:20+0200 - 53.42 kB
2018-03-01 21:24:23.581+0000 INFO [o.n.k.i.DiagnosticsManager]   neostore: 2018-03-01T23:24:22+0200 - 8.00 kB
2018-03-01 21:24:23.587+0000 INFO [o.n.k.i.DiagnosticsManager]   neostore.counts.db.a: 2018-03-01T23:24:22+0200 - 96.00 B
2018-03-01 21:24:23.593+0000 INFO [o.n.k.i.DiagnosticsManager]   neostore.id: 2018-03-01T23:24:22+0200 - 9.00 B
2018-03-01 21:24:23.609+0000 INFO [o.n.k.i.DiagnosticsManager]   neostore.labelscanstore.db: 2018-03-01T23:24:22+0200 - 40.00 kB
2018-03-01 21:24:23.615+0000 INFO [o.n.k.i.DiagnosticsManager]   neostore.labeltokenstore.db: 2018-03-01T23:24:22+0200 - 0.00 B
2018-03-01 21:24:23.621+0000 INFO [o.n.k.i.DiagnosticsManager]   neostore.labeltokenstore.db.id: 2018-03-01T23:24:22+0200 - 9.00 B
2018-03-01 21:24:23.627+0000 INFO [o.n.k.i.DiagnosticsManager]   neostore.labeltokenstore.db.names: 2018-03-01T23:24:22+0200 - 8.00 kB
2018-03-01 21:24:23.632+0000 INFO [o.n.k.i.DiagnosticsManager]   neostore.labeltokenstore.db.names.id: 2018-03-01T23:24:22+0200 - 9.00 B
2018-03-01 21:24:23.638+0000 INFO [o.n.k.i.DiagnosticsManager]   neostore.nodestore.db: 2018-03-01T23:24:21+0200 - 0.00 B
2018-03-01 21:24:23.645+0000 INFO [o.n.k.i.DiagnosticsManager]   neostore.nodestore.db.id: 2018-03-01T23:24:21+0200 - 9.00 B
2018-03-01 21:24:23.650+0000 INFO [o.n.k.i.DiagnosticsManager]   neostore.nodestore.db.labels: 2018-03-01T23:24:21+0200 - 8.00 kB
2018-03-01 21:24:23.657+0000 INFO [o.n.k.i.DiagnosticsManager]   neostore.nodestore.db.labels.id: 2018-03-01T23:24:21+0200 - 9.00 B
2018-03-01 21:24:23.663+0000 INFO [o.n.k.i.DiagnosticsManager]   neostore.propertystore.db: 2018-03-01T23:24:21+0200 - 0.00 B
2018-03-01 21:24:23.668+0000 INFO [o.n.k.i.DiagnosticsManager]   neostore.propertystore.db.arrays: 2018-03-01T23:24:21+0200 - 8.00 kB
2018-03-01 21:24:23.675+0000 INFO [o.n.k.i.DiagnosticsManager]   neostore.propertystore.db.arrays.id: 2018-03-01T23:24:21+0200 - 9.00 B
2018-03-01 21:24:23.681+0000 INFO [o.n.k.i.DiagnosticsManager]   neostore.propertystore.db.id: 2018-03-01T23:24:21+0200 - 9.00 B
2018-03-01 21:24:23.687+0000 INFO [o.n.k.i.DiagnosticsManager]   neostore.propertystore.db.index: 2018-03-01T23:24:21+0200 - 0.00 B
2018-03-01 21:24:23.693+0000 INFO [o.n.k.i.DiagnosticsManager]   neostore.propertystore.db.index.id: 2018-03-01T23:24:21+0200 - 9.00 B
2018-03-01 21:24:23.699+0000 INFO [o.n.k.i.DiagnosticsManager]   neostore.propertystore.db.index.keys: 2018-03-01T23:24:21+0200 - 8.00 kB
2018-03-01 21:24:23.706+0000 INFO [o.n.k.i.DiagnosticsManager]   neostore.propertystore.db.index.keys.id: 2018-03-01T23:24:21+0200 - 9.00 B
2018-03-01 21:24:23.712+0000 INFO [o.n.k.i.DiagnosticsManager]   neostore.propertystore.db.strings: 2018-03-01T23:24:21+0200 - 8.00 kB
2018-03-01 21:24:23.718+0000 INFO [o.n.k.i.DiagnosticsManager]   neostore.propertystore.db.strings.id: 2018-03-01T23:24:21+0200 - 9.00 B
2018-03-01 21:24:23.725+0000 INFO [o.n.k.i.DiagnosticsManager]   neostore.relationshipgroupstore.db: 2018-03-01T23:24:22+0200 - 8.00 kB
2018-03-01 21:24:23.731+0000 INFO [o.n.k.i.DiagnosticsManager]   neostore.relationshipgroupstore.db.id: 2018-03-01T23:24:22+0200 - 9.00 B
2018-03-01 21:24:23.737+0000 INFO [o.n.k.i.DiagnosticsManager]   neostore.relationshipstore.db: 2018-03-01T23:24:21+0200 - 0.00 B
2018-03-01 21:24:23.744+0000 INFO [o.n.k.i.DiagnosticsManager]   neostore.relationshipstore.db.id: 2018-03-01T23:24:21+0200 - 9.00 B
2018-03-01 21:24:23.750+0000 INFO [o.n.k.i.DiagnosticsManager]   neostore.relationshiptypestore.db: 2018-03-01T23:24:22+0200 - 0.00 B
2018-03-01 21:24:23.757+0000 INFO [o.n.k.i.DiagnosticsManager]   neostore.relationshiptypestore.db.id: 2018-03-01T23:24:22+0200 - 9.00 B
2018-03-01 21:24:23.762+0000 INFO [o.n.k.i.DiagnosticsManager]   neostore.relationshiptypestore.db.names: 2018-03-01T23:24:22+0200 - 8.00 kB
2018-03-01 21:24:23.768+0000 INFO [o.n.k.i.DiagnosticsManager]   neostore.relationshiptypestore.db.names.id: 2018-03-01T23:24:22+0200 - 9.00 B
2018-03-01 21:24:23.774+0000 INFO [o.n.k.i.DiagnosticsManager]   neostore.schemastore.db: 2018-03-01T23:24:22+0200 - 8.00 kB
2018-03-01 21:24:23.779+0000 INFO [o.n.k.i.DiagnosticsManager]   neostore.schemastore.db.id: 2018-03-01T23:24:22+0200 - 9.00 B
2018-03-01 21:24:23.784+0000 INFO [o.n.k.i.DiagnosticsManager]   neostore.transaction.db.0: 2018-03-01T23:24:22+0200 - 16.00 B
2018-03-01 21:24:23.791+0000 INFO [o.n.k.i.DiagnosticsManager]   store_lock: 2018-03-01T23:24:21+0200 - 0.00 B
2018-03-01 21:24:23.796+0000 INFO [o.n.k.i.DiagnosticsManager] Storage summary: 
2018-03-01 21:24:23.802+0000 INFO [o.n.k.i.DiagnosticsManager]   Total size of store: 165.66 kB
2018-03-01 21:24:23.808+0000 INFO [o.n.k.i.DiagnosticsManager]   Total size of mapped files: 112.00 kB
2018-03-01 21:24:23.813+0000 INFO [o.n.k.i.DiagnosticsManager] --- STARTED diagnostics for KernelDiagnostics:StoreFiles END ---
2018-03-01 21:24:23.819+0000 INFO [o.n.k.i.f.GraphDatabaseFacadeFactory] Shutdown started
2018-03-01 21:24:23.826+0000 INFO [o.n.k.i.f.GraphDatabaseFacadeFactory] Database is now unavailable
2018-03-01 21:24:23.836+0000 INFO [o.n.k.i.t.l.c.CheckPointerImpl] Check Pointing triggered by database shutdown [1]:  Starting check pointing...
2018-03-01 21:24:23.841+0000 INFO [o.n.k.i.t.l.c.CheckPointerImpl] Check Pointing triggered by database shutdown [1]:  Starting store flush...
2018-03-01 21:24:23.865+0000 INFO [o.n.k.i.t.l.c.CheckPointerImpl] Check Pointing triggered by database shutdown [1]:  Store flush completed
2018-03-01 21:24:23.870+0000 INFO [o.n.k.i.t.l.c.CheckPointerImpl] Check Pointing triggered by database shutdown [1]:  Starting appending check point entry into the tx log...
2018-03-01 21:24:23.886+0000 INFO [o.n.k.i.t.l.c.CheckPointerImpl] Check Pointing triggered by database shutdown [1]:  Appending check point entry into the tx log completed
2018-03-01 21:24:23.894+0000 INFO [o.n.k.i.t.l.c.CheckPointerImpl] Check Pointing triggered by database shutdown [1]:  Check pointing completed
2018-03-01 21:24:23.899+0000 INFO [o.n.k.i.t.l.p.LogPruningImpl] Log Rotation [0]:  Starting log pruning.
2018-03-01 21:24:23.906+0000 INFO [o.n.k.i.t.l.p.LogPruningImpl] Log Rotation [0]:  Log pruning complete.
2018-03-01 21:24:24.098+0000 INFO [o.n.k.i.DiagnosticsManager] --- STOPPING diagnostics START ---
2018-03-01 21:24:24.098+0000 INFO [o.n.k.i.DiagnosticsManager] --- STOPPING diagnostics END ---
